<?xml version="1.0" encoding="UTF-8"?>
<testng-results ignored="0" total="2" passed="2" failed="0" skipped="0">
  <reporter-output>
  </reporter-output>
  <suite started-at="2024-09-16T13:53:56 IST" name="Suite" finished-at="2024-09-16T13:54:41 IST" duration-ms="44424">
    <groups>
    </groups>
    <test started-at="2024-09-16T13:53:56 IST" name="chromeTest" finished-at="2024-09-16T13:54:22 IST" duration-ms="25447">
      <class name="DemoTest.loginTest">
        <test-method is-config="true" signature="setup(java.lang.String)[pri:0, instance:DemoTest.loginTest@9cb8225]" started-at="2024-09-16T13:53:56 IST" name="setup" finished-at="2024-09-16T13:54:09 IST" duration-ms="12812" status="PASS">
          <params>
            <param index="0">
              <value>
                <![CDATA[firefox]]>
              </value>
            </param>
          </params>
          <reporter-output>
          </reporter-output>
        </test-method> <!-- setup -->
        <test-method signature="login()[pri:0, instance:DemoTest.loginTest@9cb8225]" started-at="2024-09-16T13:54:09 IST" name="login" finished-at="2024-09-16T13:54:21 IST" duration-ms="11751" status="PASS">
          <reporter-output>
          </reporter-output>
        </test-method> <!-- login -->
        <test-method is-config="true" signature="tearDown()[pri:0, instance:DemoTest.loginTest@9cb8225]" started-at="2024-09-16T13:54:21 IST" name="tearDown" finished-at="2024-09-16T13:54:22 IST" duration-ms="807" status="PASS">
          <reporter-output>
          </reporter-output>
        </test-method> <!-- tearDown -->
      </class> <!-- DemoTest.loginTest -->
    </test> <!-- chromeTest -->
    <test started-at="2024-09-16T13:54:22 IST" name="firefoxTest" finished-at="2024-09-16T13:54:41 IST" duration-ms="18885">
      <class name="DemoTest.loginTest">
        <test-method is-config="true" signature="setup(java.lang.String)[pri:0, instance:DemoTest.loginTest@3b5fad2d]" started-at="2024-09-16T13:54:22 IST" name="setup" finished-at="2024-09-16T13:54:28 IST" duration-ms="6400" status="PASS">
          <params>
            <param index="0">
              <value>
                <![CDATA[firefox]]>
              </value>
            </param>
          </params>
          <reporter-output>
          </reporter-output>
        </test-method> <!-- setup -->
        <test-method signature="login()[pri:0, instance:DemoTest.loginTest@3b5fad2d]" started-at="2024-09-16T13:54:28 IST" name="login" finished-at="2024-09-16T13:54:40 IST" duration-ms="11793" status="PASS">
          <reporter-output>
          </reporter-output>
        </test-method> <!-- login -->
        <test-method is-config="true" signature="tearDown()[pri:0, instance:DemoTest.loginTest@3b5fad2d]" started-at="2024-09-16T13:54:40 IST" name="tearDown" finished-at="2024-09-16T13:54:41 IST" duration-ms="685" status="PASS">
          <reporter-output>
          </reporter-output>
        </test-method> <!-- tearDown -->
      </class> <!-- DemoTest.loginTest -->
    </test> <!-- firefoxTest -->
  </suite> <!-- Suite -->
</testng-results>
